<?xml version="1.0" encoding="UTF-8"?>
<!-- Generated by org.testng.reporters.JUnitXMLReporter -->
<testsuite ignored="0" hostname="TECHNO-405" failures="0" tests="33" name="Sanity Suite" time="368.943" errors="0" timestamp="2025-07-21T17:30:01 IST">
  <testcase classname="testcase.LoginPageTest" name="resetPassword" time="20.916"/>
  <testcase classname="testcase.IndividualTest" name="individualCreation" time="23.408"/>
  <testcase classname="testcase.LoginPageTest" name="loginTest" time="7.313"/>
  <testcase classname="testcase.GroupTest" name="groupCreation" time="18.42"/>
  <testcase classname="testcase.GenderTypeTest" name="genderTypeCreation" time="15.806"/>
  <testcase classname="testcase.GroupMembershipKindTest" name="groupMembershipKindCreation" time="17.465"/>
  <testcase classname="testcase.GroupTypeTest" name="groupTypeCreation" time="17.866"/>
  <testcase classname="testcase.IdTypeTest" name="idTypeCreation" time="14.371"/>
  <testcase classname="testcase.RegionTest" name="regionCreation" time="16.83"/>
  <testcase classname="testcase.RegistrantTagsTest" name="registrantTagCreation" time="13.657"/>
  <testcase classname="testcase.RelationshipTest" name="relationshipsCreation" time="15.314"/>
  <testcase classname="testcase.DistrictConfigTest" name="districtConfigCreation" time="17.387"/>
  <testcase classname="testcase.IndividualTest" name="individualUpdation" time="16.926"/>
  <testcase classname="testcase.GenderTypeTest" name="genderTypeUpdation" time="13.772"/>
  <testcase classname="testcase.GroupTest" name="groupUpdation" time="18.423"/>
  <testcase classname="testcase.GroupMembershipKindTest" name="groupMembershipKindUpdation" time="15.516"/>
  <testcase classname="testcase.GroupTypeTest" name="groupTypeUpdation" time="13.211"/>
  <testcase classname="testcase.IdTypeTest" name="idTypeUpdation" time="17.141"/>
  <testcase classname="testcase.RegionTest" name="regionUpdation" time="16.714"/>
  <testcase classname="testcase.RelationshipTest" name="relationshipUpdation" time="15.322"/>
  <testcase classname="testcase.RegistrantTagsTest" name="registrantTagUpdation" time="13.912"/>
  <testcase classname="testcase.DistrictConfigTest" name="districtConfigUpdation" time="16.743"/>
  <testcase classname="testcase.IndividualTest" name="individualDeletion" time="18.936"/>
  <testcase classname="testcase.GenderTypeTest" name="genderTypeDeletion" time="18.94"/>
  <testcase classname="testcase.GroupTest" name="groupDeletion" time="21.156"/>
  <testcase classname="testcase.GroupTypeTest" name="groupTypeDeletion" time="17.975"/>
  <testcase classname="testcase.GroupMembershipKindTest" name="groupMembershipKindDeletion" time="17.048"/>
  <testcase classname="testcase.IdTypeTest" name="idTypeDeletion" time="16.63"/>
  <testcase classname="testcase.RegionTest" name="regionDeletion" time="21.948"/>
  <testcase classname="testcase.RegistrantTagsTest" name="registrantTagDeletion" time="17.811"/>
  <testcase classname="testcase.RelationshipTest" name="relationshipDeletion" time="30.259">
    <skipped/>
  </testcase> <!-- relationshipDeletion -->
  <testcase classname="testcase.DistrictConfigTest" name="districtConfigDeletion" time="19.287"/>
  <testcase classname="testcase.RelationshipTest" name="relationshipDeletion" time="20.284"/>
</testsuite> <!-- Sanity Suite -->
