<?xml version="1.0" encoding="UTF-8"?>
<!-- Generated by org.testng.reporters.JUnitXMLReporter -->
<testsuite ignored="0" hostname="TECHNO-405" failures="0" tests="32" name="Sanity Suite" time="293.113" errors="0" timestamp="2025-06-20T17:50:05 IST">
  <testcase classname="testcase.IndividualTest" name="individualCreation" time="21.523"/>
  <testcase classname="testcase.LoginPageTest" name="resetPassword" time="26.852"/>
  <testcase classname="testcase.LoginPageTest" name="loginTest" time="9.452"/>
  <testcase classname="testcase.GroupTest" name="groupCreation" time="16.7"/>
  <testcase classname="testcase.GenderTypeTest" name="genderTypeCreation" time="19.926"/>
  <testcase classname="testcase.GroupMembershipKindTest" name="groupMembershipKindCreation" time="19.011"/>
  <testcase classname="testcase.GroupTypeTest" name="groupTypeCreation" time="16.459"/>
  <testcase classname="testcase.IdTypeTest" name="idTypeCreation" time="15.525"/>
  <testcase classname="testcase.RegionTest" name="regionCreation" time="14.971"/>
  <testcase classname="testcase.RegistrantTagsTest" name="registrantTagCreation" time="15.907"/>
  <testcase classname="testcase.RelationshipTest" name="relationshipsCreation" time="16.202"/>
  <testcase classname="testcase.DistrictConfigTest" name="districtConfigCreation" time="14.863"/>
  <testcase classname="testcase.IndividualTest" name="individualUpdation" time="14.8"/>
  <testcase classname="testcase.GroupTest" name="groupUpdation" time="15.097"/>
  <testcase classname="testcase.GroupMembershipKindTest" name="groupMembershipKindUpdation" time="13.87"/>
  <testcase classname="testcase.GenderTypeTest" name="genderTypeUpdation" time="15.761"/>
  <testcase classname="testcase.IdTypeTest" name="idTypeUpdation" time="15.677"/>
  <testcase classname="testcase.GroupTypeTest" name="groupTypeUpdation" time="16.237"/>
  <testcase classname="testcase.RegionTest" name="regionUpdation" time="14.445"/>
  <testcase classname="testcase.RegistrantTagsTest" name="registrantTagUpdation" time="16.171"/>
  <testcase classname="testcase.RelationshipTest" name="relationshipUpdation" time="11.474"/>
  <testcase classname="testcase.DistrictConfigTest" name="districtConfigUpdation" time="11.806"/>
  <testcase classname="testcase.IndividualTest" name="individualDeletion" time="17.155"/>
  <testcase classname="testcase.GroupTest" name="groupDeletion" time="15.826"/>
  <testcase classname="testcase.GenderTypeTest" name="genderTypeDeletion" time="16.859"/>
  <testcase classname="testcase.GroupMembershipKindTest" name="groupMembershipKindDeletion" time="17.084"/>
  <testcase classname="testcase.GroupTypeTest" name="groupTypeDeletion" time="14.388"/>
  <testcase classname="testcase.IdTypeTest" name="idTypeDeletion" time="16.792"/>
  <testcase classname="testcase.RegionTest" name="regionDeletion" time="14.915"/>
  <testcase classname="testcase.RegistrantTagsTest" name="registrantTagDeletion" time="14.833"/>
  <testcase classname="testcase.RelationshipTest" name="relationshipDeletion" time="15.524"/>
  <testcase classname="testcase.DistrictConfigTest" name="districtConfigDeletion" time="15.792"/>
</testsuite> <!-- Sanity Suite -->
