<?xml version="1.0" encoding="UTF-8"?>
<testng-results ignored="0" total="32" passed="32" failed="0" skipped="0">
  <reporter-output>
  </reporter-output>
  <suite started-at="2025-06-25T10:41:27 IST" name="Social Registry Sanity Test Suite" finished-at="2025-06-25T10:46:36 IST" duration-ms="309160">
    <groups>
    </groups>
    <test started-at="2025-06-25T10:41:27 IST" name="Sanity Suite" finished-at="2025-06-25T10:46:36 IST" duration-ms="309160">
      <class name="testcase.DistrictConfigTest">
        <test-method is-config="true" signature="importTestData()[pri:0, instance:testcase.DistrictConfigTest@192d74fb]" started-at="2025-06-25T10:43:11 IST" name="importTestData" finished-at="2025-06-25T10:43:11 IST" duration-ms="4" status="PASS">
          <reporter-output>
          </reporter-output>
        </test-method> <!-- importTestData -->
        <test-method is-config="true" signature="setup()[pri:0, instance:testcase.DistrictConfigTest@192d74fb]" started-at="2025-06-25T10:43:11 IST" name="setup" finished-at="2025-06-25T10:43:13 IST" duration-ms="1886" status="PASS">
          <reporter-output>
          </reporter-output>
        </test-method> <!-- setup -->
        <test-method signature="districtConfigCreation()[pri:1, instance:testcase.DistrictConfigTest@192d74fb]" started-at="2025-06-25T10:43:13 IST" name="districtConfigCreation" finished-at="2025-06-25T10:43:27 IST" duration-ms="14561" status="PASS">
          <reporter-output>
          </reporter-output>
        </test-method> <!-- districtConfigCreation -->
        <test-method is-config="true" signature="tearDown(org.testng.ITestResult)[pri:0, instance:testcase.DistrictConfigTest@192d74fb]" started-at="2025-06-25T10:43:27 IST" name="tearDown" finished-at="2025-06-25T10:43:28 IST" duration-ms="179" status="PASS">
          <params>
            <param index="0">
              <value>
                <![CDATA[[TestResult name=districtConfigCreation status=SUCCESS method=DistrictConfigTest.districtConfigCreation()[pri:1, instance:testcase.DistrictConfigTest@192d74fb] output={null}]]]>
              </value>
            </param>
          </params>
          <reporter-output>
          </reporter-output>
        </test-method> <!-- tearDown -->
        <test-method is-config="true" signature="setup()[pri:0, instance:testcase.DistrictConfigTest@192d74fb]" started-at="2025-06-25T10:44:38 IST" name="setup" finished-at="2025-06-25T10:44:39 IST" duration-ms="1742" status="PASS">
          <reporter-output>
          </reporter-output>
        </test-method> <!-- setup -->
        <test-method signature="districtConfigUpdation()[pri:2, instance:testcase.DistrictConfigTest@192d74fb]" started-at="2025-06-25T10:44:39 IST" name="districtConfigUpdation" finished-at="2025-06-25T10:44:53 IST" depends-on-methods="testcase.DistrictConfigTest.districtConfigCreation" duration-ms="13399" status="PASS">
          <reporter-output>
          </reporter-output>
        </test-method> <!-- districtConfigUpdation -->
        <test-method is-config="true" signature="tearDown(org.testng.ITestResult)[pri:0, instance:testcase.DistrictConfigTest@192d74fb]" started-at="2025-06-25T10:44:53 IST" name="tearDown" finished-at="2025-06-25T10:44:53 IST" duration-ms="188" status="PASS">
          <params>
            <param index="0">
              <value>
                <![CDATA[[TestResult name=districtConfigUpdation status=SUCCESS method=DistrictConfigTest.districtConfigUpdation()[pri:2, instance:testcase.DistrictConfigTest@192d74fb] output={null}]]]>
              </value>
            </param>
          </params>
          <reporter-output>
          </reporter-output>
        </test-method> <!-- tearDown -->
        <test-method is-config="true" signature="setup()[pri:0, instance:testcase.DistrictConfigTest@192d74fb]" started-at="2025-06-25T10:46:17 IST" name="setup" finished-at="2025-06-25T10:46:19 IST" duration-ms="2482" status="PASS">
          <reporter-output>
          </reporter-output>
        </test-method> <!-- setup -->
        <test-method signature="districtConfigDeletion()[pri:3, instance:testcase.DistrictConfigTest@192d74fb]" started-at="2025-06-25T10:46:19 IST" name="districtConfigDeletion" finished-at="2025-06-25T10:46:36 IST" depends-on-methods="testcase.DistrictConfigTest.districtConfigUpdation" duration-ms="16515" status="PASS">
          <reporter-output>
          </reporter-output>
        </test-method> <!-- districtConfigDeletion -->
        <test-method is-config="true" signature="tearDown(org.testng.ITestResult)[pri:0, instance:testcase.DistrictConfigTest@192d74fb]" started-at="2025-06-25T10:46:36 IST" name="tearDown" finished-at="2025-06-25T10:46:36 IST" duration-ms="299" status="PASS">
          <params>
            <param index="0">
              <value>
                <![CDATA[[TestResult name=districtConfigDeletion status=SUCCESS method=DistrictConfigTest.districtConfigDeletion()[pri:3, instance:testcase.DistrictConfigTest@192d74fb] output={null}]]]>
              </value>
            </param>
          </params>
          <reporter-output>
          </reporter-output>
        </test-method> <!-- tearDown -->
      </class> <!-- testcase.DistrictConfigTest -->
      <class name="testcase.LoginPageTest">
        <test-method is-config="true" signature="importTestData()[pri:0, instance:testcase.LoginPageTest@40499e4f]" started-at="2025-06-25T10:41:27 IST" name="importTestData" finished-at="2025-06-25T10:41:27 IST" duration-ms="213" status="PASS">
          <reporter-output>
          </reporter-output>
        </test-method> <!-- importTestData -->
        <test-method is-config="true" signature="setup()[pri:0, instance:testcase.LoginPageTest@40499e4f]" started-at="2025-06-25T10:41:27 IST" name="setup" finished-at="2025-06-25T10:41:31 IST" duration-ms="3505" status="PASS">
          <reporter-output>
          </reporter-output>
        </test-method> <!-- setup -->
        <test-method signature="resetPassword()[pri:1, instance:testcase.LoginPageTest@40499e4f]" started-at="2025-06-25T10:41:31 IST" name="resetPassword" finished-at="2025-06-25T10:41:52 IST" duration-ms="20990" status="PASS">
          <reporter-output>
          </reporter-output>
        </test-method> <!-- resetPassword -->
        <test-method is-config="true" signature="tearDown(org.testng.ITestResult)[pri:0, instance:testcase.LoginPageTest@40499e4f]" started-at="2025-06-25T10:41:52 IST" name="tearDown" finished-at="2025-06-25T10:41:52 IST" duration-ms="188" status="PASS">
          <params>
            <param index="0">
              <value>
                <![CDATA[[TestResult name=resetPassword status=SUCCESS method=LoginPageTest.resetPassword()[pri:1, instance:testcase.LoginPageTest@40499e4f] output={null}]]]>
              </value>
            </param>
          </params>
          <reporter-output>
          </reporter-output>
        </test-method> <!-- tearDown -->
        <test-method is-config="true" signature="setup()[pri:0, instance:testcase.LoginPageTest@40499e4f]" started-at="2025-06-25T10:41:52 IST" name="setup" finished-at="2025-06-25T10:41:54 IST" duration-ms="2478" status="PASS">
          <reporter-output>
          </reporter-output>
        </test-method> <!-- setup -->
        <test-method signature="loginTest()[pri:2, instance:testcase.LoginPageTest@40499e4f]" started-at="2025-06-25T10:41:54 IST" name="loginTest" finished-at="2025-06-25T10:42:09 IST" duration-ms="14514" status="PASS">
          <reporter-output>
          </reporter-output>
        </test-method> <!-- loginTest -->
        <test-method is-config="true" signature="tearDown(org.testng.ITestResult)[pri:0, instance:testcase.LoginPageTest@40499e4f]" started-at="2025-06-25T10:42:09 IST" name="tearDown" finished-at="2025-06-25T10:42:09 IST" duration-ms="179" status="PASS">
          <params>
            <param index="0">
              <value>
                <![CDATA[[TestResult name=loginTest status=SUCCESS method=LoginPageTest.loginTest()[pri:2, instance:testcase.LoginPageTest@40499e4f] output={null}]]]>
              </value>
            </param>
          </params>
          <reporter-output>
          </reporter-output>
        </test-method> <!-- tearDown -->
      </class> <!-- testcase.LoginPageTest -->
      <class name="testcase.RelationshipTest">
        <test-method is-config="true" signature="importTestData()[pri:0, instance:testcase.RelationshipTest@19fb8826]" started-at="2025-06-25T10:43:04 IST" name="importTestData" finished-at="2025-06-25T10:43:04 IST" duration-ms="4" status="PASS">
          <reporter-output>
          </reporter-output>
        </test-method> <!-- importTestData -->
        <test-method is-config="true" signature="setup()[pri:0, instance:testcase.RelationshipTest@19fb8826]" started-at="2025-06-25T10:43:04 IST" name="setup" finished-at="2025-06-25T10:43:07 IST" duration-ms="2278" status="PASS">
          <reporter-output>
          </reporter-output>
        </test-method> <!-- setup -->
        <test-method signature="relationshipsCreation()[pri:1, instance:testcase.RelationshipTest@19fb8826]" started-at="2025-06-25T10:43:07 IST" name="relationshipsCreation" finished-at="2025-06-25T10:43:23 IST" duration-ms="16745" status="PASS">
          <reporter-output>
          </reporter-output>
        </test-method> <!-- relationshipsCreation -->
        <test-method is-config="true" signature="tearDown(org.testng.ITestResult)[pri:0, instance:testcase.RelationshipTest@19fb8826]" started-at="2025-06-25T10:43:23 IST" name="tearDown" finished-at="2025-06-25T10:43:23 IST" duration-ms="178" status="PASS">
          <params>
            <param index="0">
              <value>
                <![CDATA[[TestResult name=relationshipsCreation status=SUCCESS method=RelationshipTest.relationshipsCreation()[pri:1, instance:testcase.RelationshipTest@19fb8826] output={null}]]]>
              </value>
            </param>
          </params>
          <reporter-output>
          </reporter-output>
        </test-method> <!-- tearDown -->
        <test-method is-config="true" signature="setup()[pri:0, instance:testcase.RelationshipTest@19fb8826]" started-at="2025-06-25T10:44:33 IST" name="setup" finished-at="2025-06-25T10:44:35 IST" duration-ms="2186" status="PASS">
          <reporter-output>
          </reporter-output>
        </test-method> <!-- setup -->
        <test-method signature="relationshipUpdation()[pri:2, instance:testcase.RelationshipTest@19fb8826]" started-at="2025-06-25T10:44:35 IST" name="relationshipUpdation" finished-at="2025-06-25T10:44:50 IST" depends-on-methods="testcase.RelationshipTest.relationshipsCreation" duration-ms="14994" status="PASS">
          <reporter-output>
          </reporter-output>
        </test-method> <!-- relationshipUpdation -->
        <test-method is-config="true" signature="tearDown(org.testng.ITestResult)[pri:0, instance:testcase.RelationshipTest@19fb8826]" started-at="2025-06-25T10:44:50 IST" name="tearDown" finished-at="2025-06-25T10:44:50 IST" duration-ms="255" status="PASS">
          <params>
            <param index="0">
              <value>
                <![CDATA[[TestResult name=relationshipUpdation status=SUCCESS method=RelationshipTest.relationshipUpdation()[pri:2, instance:testcase.RelationshipTest@19fb8826] output={null}]]]>
              </value>
            </param>
          </params>
          <reporter-output>
          </reporter-output>
        </test-method> <!-- tearDown -->
        <test-method is-config="true" signature="setup()[pri:0, instance:testcase.RelationshipTest@19fb8826]" started-at="2025-06-25T10:46:17 IST" name="setup" finished-at="2025-06-25T10:46:19 IST" duration-ms="2299" status="PASS">
          <reporter-output>
          </reporter-output>
        </test-method> <!-- setup -->
        <test-method signature="relationshipDeletion()[pri:3, instance:testcase.RelationshipTest@19fb8826]" started-at="2025-06-25T10:46:19 IST" name="relationshipDeletion" finished-at="2025-06-25T10:46:36 IST" depends-on-methods="testcase.RelationshipTest.relationshipUpdation" duration-ms="16738" status="PASS">
          <reporter-output>
          </reporter-output>
        </test-method> <!-- relationshipDeletion -->
        <test-method is-config="true" signature="tearDown(org.testng.ITestResult)[pri:0, instance:testcase.RelationshipTest@19fb8826]" started-at="2025-06-25T10:46:36 IST" name="tearDown" finished-at="2025-06-25T10:46:36 IST" duration-ms="292" status="PASS">
          <params>
            <param index="0">
              <value>
                <![CDATA[[TestResult name=relationshipDeletion status=SUCCESS method=RelationshipTest.relationshipDeletion()[pri:3, instance:testcase.RelationshipTest@19fb8826] output={null}]]]>
              </value>
            </param>
          </params>
          <reporter-output>
          </reporter-output>
        </test-method> <!-- tearDown -->
      </class> <!-- testcase.RelationshipTest -->
      <class name="testcase.GroupTypeTest">
        <test-method is-config="true" signature="importTestData()[pri:0, instance:testcase.GroupTypeTest@4fc5e095]" started-at="2025-06-25T10:42:25 IST" name="importTestData" finished-at="2025-06-25T10:42:25 IST" duration-ms="4" status="PASS">
          <reporter-output>
          </reporter-output>
        </test-method> <!-- importTestData -->
        <test-method is-config="true" signature="setup()[pri:0, instance:testcase.GroupTypeTest@4fc5e095]" started-at="2025-06-25T10:42:25 IST" name="setup" finished-at="2025-06-25T10:42:27 IST" duration-ms="1394" status="PASS">
          <reporter-output>
          </reporter-output>
        </test-method> <!-- setup -->
        <test-method signature="groupTypeCreation()[pri:1, instance:testcase.GroupTypeTest@4fc5e095]" started-at="2025-06-25T10:42:27 IST" name="groupTypeCreation" finished-at="2025-06-25T10:42:45 IST" duration-ms="17848" status="PASS">
          <reporter-output>
          </reporter-output>
        </test-method> <!-- groupTypeCreation -->
        <test-method is-config="true" signature="tearDown(org.testng.ITestResult)[pri:0, instance:testcase.GroupTypeTest@4fc5e095]" started-at="2025-06-25T10:42:45 IST" name="tearDown" finished-at="2025-06-25T10:42:45 IST" duration-ms="470" status="PASS">
          <params>
            <param index="0">
              <value>
                <![CDATA[[TestResult name=groupTypeCreation status=SUCCESS method=GroupTypeTest.groupTypeCreation()[pri:1, instance:testcase.GroupTypeTest@4fc5e095] output={null}]]]>
              </value>
            </param>
          </params>
          <reporter-output>
          </reporter-output>
        </test-method> <!-- tearDown -->
        <test-method is-config="true" signature="setup()[pri:0, instance:testcase.GroupTypeTest@4fc5e095]" started-at="2025-06-25T10:44:00 IST" name="setup" finished-at="2025-06-25T10:44:02 IST" duration-ms="2479" status="PASS">
          <reporter-output>
          </reporter-output>
        </test-method> <!-- setup -->
        <test-method signature="groupTypeUpdation()[pri:2, instance:testcase.GroupTypeTest@4fc5e095]" started-at="2025-06-25T10:44:02 IST" name="groupTypeUpdation" finished-at="2025-06-25T10:44:16 IST" depends-on-methods="testcase.GroupTypeTest.groupTypeCreation" duration-ms="13475" status="PASS">
          <reporter-output>
          </reporter-output>
        </test-method> <!-- groupTypeUpdation -->
        <test-method is-config="true" signature="tearDown(org.testng.ITestResult)[pri:0, instance:testcase.GroupTypeTest@4fc5e095]" started-at="2025-06-25T10:44:16 IST" name="tearDown" finished-at="2025-06-25T10:44:16 IST" duration-ms="253" status="PASS">
          <params>
            <param index="0">
              <value>
                <![CDATA[[TestResult name=groupTypeUpdation status=SUCCESS method=GroupTypeTest.groupTypeUpdation()[pri:2, instance:testcase.GroupTypeTest@4fc5e095] output={null}]]]>
              </value>
            </param>
          </params>
          <reporter-output>
          </reporter-output>
        </test-method> <!-- tearDown -->
        <test-method is-config="true" signature="setup()[pri:0, instance:testcase.GroupTypeTest@4fc5e095]" started-at="2025-06-25T10:45:35 IST" name="setup" finished-at="2025-06-25T10:45:38 IST" duration-ms="2604" status="PASS">
          <reporter-output>
          </reporter-output>
        </test-method> <!-- setup -->
        <test-method signature="groupTypeDeletion()[pri:3, instance:testcase.GroupTypeTest@4fc5e095]" started-at="2025-06-25T10:45:38 IST" name="groupTypeDeletion" finished-at="2025-06-25T10:45:57 IST" depends-on-methods="testcase.GroupTypeTest.groupTypeUpdation" duration-ms="19143" status="PASS">
          <reporter-output>
          </reporter-output>
        </test-method> <!-- groupTypeDeletion -->
        <test-method is-config="true" signature="tearDown(org.testng.ITestResult)[pri:0, instance:testcase.GroupTypeTest@4fc5e095]" started-at="2025-06-25T10:45:57 IST" name="tearDown" finished-at="2025-06-25T10:45:57 IST" duration-ms="239" status="PASS">
          <params>
            <param index="0">
              <value>
                <![CDATA[[TestResult name=groupTypeDeletion status=SUCCESS method=GroupTypeTest.groupTypeDeletion()[pri:3, instance:testcase.GroupTypeTest@4fc5e095] output={null}]]]>
              </value>
            </param>
          </params>
          <reporter-output>
          </reporter-output>
        </test-method> <!-- tearDown -->
      </class> <!-- testcase.GroupTypeTest -->
      <class name="testcase.RegionTest">
        <test-method is-config="true" signature="importTestData()[pri:0, instance:testcase.RegionTest@609640d5]" started-at="2025-06-25T10:42:45 IST" name="importTestData" finished-at="2025-06-25T10:42:45 IST" duration-ms="3" status="PASS">
          <reporter-output>
          </reporter-output>
        </test-method> <!-- importTestData -->
        <test-method is-config="true" signature="setup()[pri:0, instance:testcase.RegionTest@609640d5]" started-at="2025-06-25T10:42:45 IST" name="setup" finished-at="2025-06-25T10:42:47 IST" duration-ms="1927" status="PASS">
          <reporter-output>
          </reporter-output>
        </test-method> <!-- setup -->
        <test-method signature="regionCreation()[pri:1, instance:testcase.RegionTest@609640d5]" started-at="2025-06-25T10:42:47 IST" name="regionCreation" finished-at="2025-06-25T10:43:04 IST" duration-ms="16836" status="PASS">
          <reporter-output>
          </reporter-output>
        </test-method> <!-- regionCreation -->
        <test-method is-config="true" signature="tearDown(org.testng.ITestResult)[pri:0, instance:testcase.RegionTest@609640d5]" started-at="2025-06-25T10:43:04 IST" name="tearDown" finished-at="2025-06-25T10:43:04 IST" duration-ms="236" status="PASS">
          <params>
            <param index="0">
              <value>
                <![CDATA[[TestResult name=regionCreation status=SUCCESS method=RegionTest.regionCreation()[pri:1, instance:testcase.RegionTest@609640d5] output={null}]]]>
              </value>
            </param>
          </params>
          <reporter-output>
          </reporter-output>
        </test-method> <!-- tearDown -->
        <test-method is-config="true" signature="setup()[pri:0, instance:testcase.RegionTest@609640d5]" started-at="2025-06-25T10:44:16 IST" name="setup" finished-at="2025-06-25T10:44:18 IST" duration-ms="2185" status="PASS">
          <reporter-output>
          </reporter-output>
        </test-method> <!-- setup -->
        <test-method signature="regionUpdation()[pri:2, instance:testcase.RegionTest@609640d5]" started-at="2025-06-25T10:44:18 IST" name="regionUpdation" finished-at="2025-06-25T10:44:33 IST" depends-on-methods="testcase.RegionTest.regionCreation" duration-ms="14335" status="PASS">
          <reporter-output>
          </reporter-output>
        </test-method> <!-- regionUpdation -->
        <test-method is-config="true" signature="tearDown(org.testng.ITestResult)[pri:0, instance:testcase.RegionTest@609640d5]" started-at="2025-06-25T10:44:33 IST" name="tearDown" finished-at="2025-06-25T10:44:33 IST" duration-ms="263" status="PASS">
          <params>
            <param index="0">
              <value>
                <![CDATA[[TestResult name=regionUpdation status=SUCCESS method=RegionTest.regionUpdation()[pri:2, instance:testcase.RegionTest@609640d5] output={null}]]]>
              </value>
            </param>
          </params>
          <reporter-output>
          </reporter-output>
        </test-method> <!-- tearDown -->
        <test-method is-config="true" signature="setup()[pri:0, instance:testcase.RegionTest@609640d5]" started-at="2025-06-25T10:45:57 IST" name="setup" finished-at="2025-06-25T10:45:59 IST" duration-ms="1656" status="PASS">
          <reporter-output>
          </reporter-output>
        </test-method> <!-- setup -->
        <test-method signature="regionDeletion()[pri:3, instance:testcase.RegionTest@609640d5]" started-at="2025-06-25T10:45:59 IST" name="regionDeletion" finished-at="2025-06-25T10:46:16 IST" depends-on-methods="testcase.RegionTest.regionUpdation" duration-ms="17457" status="PASS">
          <reporter-output>
          </reporter-output>
        </test-method> <!-- regionDeletion -->
        <test-method is-config="true" signature="tearDown(org.testng.ITestResult)[pri:0, instance:testcase.RegionTest@609640d5]" started-at="2025-06-25T10:46:16 IST" name="tearDown" finished-at="2025-06-25T10:46:17 IST" duration-ms="305" status="PASS">
          <params>
            <param index="0">
              <value>
                <![CDATA[[TestResult name=regionDeletion status=SUCCESS method=RegionTest.regionDeletion()[pri:3, instance:testcase.RegionTest@609640d5] output={null}]]]>
              </value>
            </param>
          </params>
          <reporter-output>
          </reporter-output>
        </test-method> <!-- tearDown -->
      </class> <!-- testcase.RegionTest -->
      <class name="testcase.GroupTest">
        <test-method is-config="true" signature="importTestData()[pri:0, instance:testcase.GroupTest@6b9ce1bf]" started-at="2025-06-25T10:41:52 IST" name="importTestData" finished-at="2025-06-25T10:41:52 IST" duration-ms="4" status="PASS">
          <reporter-output>
          </reporter-output>
        </test-method> <!-- importTestData -->
        <test-method is-config="true" signature="setup()[pri:0, instance:testcase.GroupTest@6b9ce1bf]" started-at="2025-06-25T10:41:52 IST" name="setup" finished-at="2025-06-25T10:41:54 IST" duration-ms="2259" status="PASS">
          <reporter-output>
          </reporter-output>
        </test-method> <!-- setup -->
        <test-method signature="groupCreation()[pri:1, instance:testcase.GroupTest@6b9ce1bf]" started-at="2025-06-25T10:41:54 IST" name="groupCreation" finished-at="2025-06-25T10:42:14 IST" duration-ms="20264" status="PASS">
          <reporter-output>
          </reporter-output>
        </test-method> <!-- groupCreation -->
        <test-method is-config="true" signature="tearDown(org.testng.ITestResult)[pri:0, instance:testcase.GroupTest@6b9ce1bf]" started-at="2025-06-25T10:42:14 IST" name="tearDown" finished-at="2025-06-25T10:42:14 IST" duration-ms="257" status="PASS">
          <params>
            <param index="0">
              <value>
                <![CDATA[[TestResult name=groupCreation status=SUCCESS method=GroupTest.groupCreation()[pri:1, instance:testcase.GroupTest@6b9ce1bf] output={null}]]]>
              </value>
            </param>
          </params>
          <reporter-output>
          </reporter-output>
        </test-method> <!-- tearDown -->
        <test-method is-config="true" signature="setup()[pri:0, instance:testcase.GroupTest@6b9ce1bf]" started-at="2025-06-25T10:43:28 IST" name="setup" finished-at="2025-06-25T10:43:30 IST" duration-ms="2587" status="PASS">
          <reporter-output>
          </reporter-output>
        </test-method> <!-- setup -->
        <test-method signature="groupUpdation()[pri:2, instance:testcase.GroupTest@6b9ce1bf]" started-at="2025-06-25T10:43:30 IST" name="groupUpdation" finished-at="2025-06-25T10:43:45 IST" depends-on-methods="testcase.GroupTest.groupCreation" duration-ms="14566" status="PASS">
          <reporter-output>
          </reporter-output>
        </test-method> <!-- groupUpdation -->
        <test-method is-config="true" signature="tearDown(org.testng.ITestResult)[pri:0, instance:testcase.GroupTest@6b9ce1bf]" started-at="2025-06-25T10:43:45 IST" name="tearDown" finished-at="2025-06-25T10:43:45 IST" duration-ms="231" status="PASS">
          <params>
            <param index="0">
              <value>
                <![CDATA[[TestResult name=groupUpdation status=SUCCESS method=GroupTest.groupUpdation()[pri:2, instance:testcase.GroupTest@6b9ce1bf] output={null}]]]>
              </value>
            </param>
          </params>
          <reporter-output>
          </reporter-output>
        </test-method> <!-- tearDown -->
        <test-method is-config="true" signature="setup()[pri:0, instance:testcase.GroupTest@6b9ce1bf]" started-at="2025-06-25T10:44:53 IST" name="setup" finished-at="2025-06-25T10:44:55 IST" duration-ms="1656" status="PASS">
          <reporter-output>
          </reporter-output>
        </test-method> <!-- setup -->
        <test-method signature="groupDeletion()[pri:3, instance:testcase.GroupTest@6b9ce1bf]" started-at="2025-06-25T10:44:55 IST" name="groupDeletion" finished-at="2025-06-25T10:45:12 IST" depends-on-methods="testcase.GroupTest.groupUpdation" duration-ms="17479" status="PASS">
          <reporter-output>
          </reporter-output>
        </test-method> <!-- groupDeletion -->
        <test-method is-config="true" signature="tearDown(org.testng.ITestResult)[pri:0, instance:testcase.GroupTest@6b9ce1bf]" started-at="2025-06-25T10:45:12 IST" name="tearDown" finished-at="2025-06-25T10:45:12 IST" duration-ms="250" status="PASS">
          <params>
            <param index="0">
              <value>
                <![CDATA[[TestResult name=groupDeletion status=SUCCESS method=GroupTest.groupDeletion()[pri:3, instance:testcase.GroupTest@6b9ce1bf] output={null}]]]>
              </value>
            </param>
          </params>
          <reporter-output>
          </reporter-output>
        </test-method> <!-- tearDown -->
      </class> <!-- testcase.GroupTest -->
      <class name="testcase.IndividualTest">
        <test-method is-config="true" signature="importTestData()[pri:0, instance:testcase.IndividualTest@590c73d3]" started-at="2025-06-25T10:41:27 IST" name="importTestData" finished-at="2025-06-25T10:41:27 IST" duration-ms="213" status="PASS">
          <reporter-output>
          </reporter-output>
        </test-method> <!-- importTestData -->
        <test-method is-config="true" signature="setup()[pri:0, instance:testcase.IndividualTest@590c73d3]" started-at="2025-06-25T10:41:27 IST" name="setup" finished-at="2025-06-25T10:41:31 IST" duration-ms="3504" status="PASS">
          <reporter-output>
          </reporter-output>
        </test-method> <!-- setup -->
        <test-method signature="individualCreation()[pri:1, instance:testcase.IndividualTest@590c73d3]" started-at="2025-06-25T10:41:31 IST" name="individualCreation" finished-at="2025-06-25T10:41:51 IST" duration-ms="20649" status="PASS">
          <reporter-output>
          </reporter-output>
        </test-method> <!-- individualCreation -->
        <test-method is-config="true" signature="tearDown(org.testng.ITestResult)[pri:0, instance:testcase.IndividualTest@590c73d3]" started-at="2025-06-25T10:41:51 IST" name="tearDown" finished-at="2025-06-25T10:41:52 IST" duration-ms="192" status="PASS">
          <params>
            <param index="0">
              <value>
                <![CDATA[[TestResult name=individualCreation status=SUCCESS method=IndividualTest.individualCreation()[pri:1, instance:testcase.IndividualTest@590c73d3] output={null}]]]>
              </value>
            </param>
          </params>
          <reporter-output>
          </reporter-output>
        </test-method> <!-- tearDown -->
        <test-method is-config="true" signature="setup()[pri:0, instance:testcase.IndividualTest@590c73d3]" started-at="2025-06-25T10:43:23 IST" name="setup" finished-at="2025-06-25T10:43:25 IST" duration-ms="1599" status="PASS">
          <reporter-output>
          </reporter-output>
        </test-method> <!-- setup -->
        <test-method signature="individualUpdation()[pri:2, instance:testcase.IndividualTest@590c73d3]" started-at="2025-06-25T10:43:25 IST" name="individualUpdation" finished-at="2025-06-25T10:43:42 IST" depends-on-methods="testcase.IndividualTest.individualCreation" duration-ms="16598" status="PASS">
          <reporter-output>
          </reporter-output>
        </test-method> <!-- individualUpdation -->
        <test-method is-config="true" signature="tearDown(org.testng.ITestResult)[pri:0, instance:testcase.IndividualTest@590c73d3]" started-at="2025-06-25T10:43:42 IST" name="tearDown" finished-at="2025-06-25T10:43:42 IST" duration-ms="255" status="PASS">
          <params>
            <param index="0">
              <value>
                <![CDATA[[TestResult name=individualUpdation status=SUCCESS method=IndividualTest.individualUpdation()[pri:2, instance:testcase.IndividualTest@590c73d3] output={null}]]]>
              </value>
            </param>
          </params>
          <reporter-output>
          </reporter-output>
        </test-method> <!-- tearDown -->
        <test-method is-config="true" signature="setup()[pri:0, instance:testcase.IndividualTest@590c73d3]" started-at="2025-06-25T10:44:50 IST" name="setup" finished-at="2025-06-25T10:44:53 IST" duration-ms="2225" status="PASS">
          <reporter-output>
          </reporter-output>
        </test-method> <!-- setup -->
        <test-method signature="individualDeletion()[pri:3, instance:testcase.IndividualTest@590c73d3]" started-at="2025-06-25T10:44:53 IST" name="individualDeletion" finished-at="2025-06-25T10:45:12 IST" depends-on-methods="testcase.IndividualTest.individualUpdation" duration-ms="19296" status="PASS">
          <reporter-output>
          </reporter-output>
        </test-method> <!-- individualDeletion -->
        <test-method is-config="true" signature="tearDown(org.testng.ITestResult)[pri:0, instance:testcase.IndividualTest@590c73d3]" started-at="2025-06-25T10:45:12 IST" name="tearDown" finished-at="2025-06-25T10:45:12 IST" duration-ms="241" status="PASS">
          <params>
            <param index="0">
              <value>
                <![CDATA[[TestResult name=individualDeletion status=SUCCESS method=IndividualTest.individualDeletion()[pri:3, instance:testcase.IndividualTest@590c73d3] output={null}]]]>
              </value>
            </param>
          </params>
          <reporter-output>
          </reporter-output>
        </test-method> <!-- tearDown -->
      </class> <!-- testcase.IndividualTest -->
      <class name="testcase.RegistrantTagsTest">
        <test-method is-config="true" signature="importTestData()[pri:0, instance:testcase.RegistrantTagsTest@79da1ec0]" started-at="2025-06-25T10:42:54 IST" name="importTestData" finished-at="2025-06-25T10:42:54 IST" duration-ms="4" status="PASS">
          <reporter-output>
          </reporter-output>
        </test-method> <!-- importTestData -->
        <test-method is-config="true" signature="setup()[pri:0, instance:testcase.RegistrantTagsTest@79da1ec0]" started-at="2025-06-25T10:42:54 IST" name="setup" finished-at="2025-06-25T10:42:55 IST" duration-ms="1285" status="PASS">
          <reporter-output>
          </reporter-output>
        </test-method> <!-- setup -->
        <test-method signature="registrantTagCreation()[pri:1, instance:testcase.RegistrantTagsTest@79da1ec0]" started-at="2025-06-25T10:42:55 IST" name="registrantTagCreation" finished-at="2025-06-25T10:43:11 IST" duration-ms="15551" status="PASS">
          <reporter-output>
          </reporter-output>
        </test-method> <!-- registrantTagCreation -->
        <test-method is-config="true" signature="tearDown(org.testng.ITestResult)[pri:0, instance:testcase.RegistrantTagsTest@79da1ec0]" started-at="2025-06-25T10:43:11 IST" name="tearDown" finished-at="2025-06-25T10:43:11 IST" duration-ms="176" status="PASS">
          <params>
            <param index="0">
              <value>
                <![CDATA[[TestResult name=registrantTagCreation status=SUCCESS method=RegistrantTagsTest.registrantTagCreation()[pri:1, instance:testcase.RegistrantTagsTest@79da1ec0] output={null}]]]>
              </value>
            </param>
          </params>
          <reporter-output>
          </reporter-output>
        </test-method> <!-- tearDown -->
        <test-method is-config="true" signature="setup()[pri:0, instance:testcase.RegistrantTagsTest@79da1ec0]" started-at="2025-06-25T10:44:21 IST" name="setup" finished-at="2025-06-25T10:44:23 IST" duration-ms="1636" status="PASS">
          <reporter-output>
          </reporter-output>
        </test-method> <!-- setup -->
        <test-method signature="registrantTagUpdation()[pri:2, instance:testcase.RegistrantTagsTest@79da1ec0]" started-at="2025-06-25T10:44:23 IST" name="registrantTagUpdation" finished-at="2025-06-25T10:44:37 IST" depends-on-methods="testcase.RegistrantTagsTest.registrantTagCreation" duration-ms="14648" status="PASS">
          <reporter-output>
          </reporter-output>
        </test-method> <!-- registrantTagUpdation -->
        <test-method is-config="true" signature="tearDown(org.testng.ITestResult)[pri:0, instance:testcase.RegistrantTagsTest@79da1ec0]" started-at="2025-06-25T10:44:37 IST" name="tearDown" finished-at="2025-06-25T10:44:38 IST" duration-ms="298" status="PASS">
          <params>
            <param index="0">
              <value>
                <![CDATA[[TestResult name=registrantTagUpdation status=SUCCESS method=RegistrantTagsTest.registrantTagUpdation()[pri:2, instance:testcase.RegistrantTagsTest@79da1ec0] output={null}]]]>
              </value>
            </param>
          </params>
          <reporter-output>
          </reporter-output>
        </test-method> <!-- tearDown -->
        <test-method is-config="true" signature="setup()[pri:0, instance:testcase.RegistrantTagsTest@79da1ec0]" started-at="2025-06-25T10:46:00 IST" name="setup" finished-at="2025-06-25T10:46:01 IST" duration-ms="1742" status="PASS">
          <reporter-output>
          </reporter-output>
        </test-method> <!-- setup -->
        <test-method signature="registrantTagDeletion()[pri:3, instance:testcase.RegistrantTagsTest@79da1ec0]" started-at="2025-06-25T10:46:01 IST" name="registrantTagDeletion" finished-at="2025-06-25T10:46:16 IST" depends-on-methods="testcase.RegistrantTagsTest.registrantTagUpdation" duration-ms="14914" status="PASS">
          <reporter-output>
          </reporter-output>
        </test-method> <!-- registrantTagDeletion -->
        <test-method is-config="true" signature="tearDown(org.testng.ITestResult)[pri:0, instance:testcase.RegistrantTagsTest@79da1ec0]" started-at="2025-06-25T10:46:16 IST" name="tearDown" finished-at="2025-06-25T10:46:17 IST" duration-ms="327" status="PASS">
          <params>
            <param index="0">
              <value>
                <![CDATA[[TestResult name=registrantTagDeletion status=SUCCESS method=RegistrantTagsTest.registrantTagDeletion()[pri:3, instance:testcase.RegistrantTagsTest@79da1ec0] output={null}]]]>
              </value>
            </param>
          </params>
          <reporter-output>
          </reporter-output>
        </test-method> <!-- tearDown -->
      </class> <!-- testcase.RegistrantTagsTest -->
      <class name="testcase.IdTypeTest">
        <test-method is-config="true" signature="importTestData()[pri:0, instance:testcase.IdTypeTest@435871cb]" started-at="2025-06-25T10:42:34 IST" name="importTestData" finished-at="2025-06-25T10:42:34 IST" duration-ms="5" status="PASS">
          <reporter-output>
          </reporter-output>
        </test-method> <!-- importTestData -->
        <test-method is-config="true" signature="setup()[pri:0, instance:testcase.IdTypeTest@435871cb]" started-at="2025-06-25T10:42:34 IST" name="setup" finished-at="2025-06-25T10:42:36 IST" duration-ms="1674" status="PASS">
          <reporter-output>
          </reporter-output>
        </test-method> <!-- setup -->
        <test-method signature="idTypeCreation()[pri:1, instance:testcase.IdTypeTest@435871cb]" started-at="2025-06-25T10:42:36 IST" name="idTypeCreation" finished-at="2025-06-25T10:42:54 IST" duration-ms="17679" status="PASS">
          <reporter-output>
          </reporter-output>
        </test-method> <!-- idTypeCreation -->
        <test-method is-config="true" signature="tearDown(org.testng.ITestResult)[pri:0, instance:testcase.IdTypeTest@435871cb]" started-at="2025-06-25T10:42:54 IST" name="tearDown" finished-at="2025-06-25T10:42:54 IST" duration-ms="180" status="PASS">
          <params>
            <param index="0">
              <value>
                <![CDATA[[TestResult name=idTypeCreation status=SUCCESS method=IdTypeTest.idTypeCreation()[pri:1, instance:testcase.IdTypeTest@435871cb] output={null}]]]>
              </value>
            </param>
          </params>
          <reporter-output>
          </reporter-output>
        </test-method> <!-- tearDown -->
        <test-method is-config="true" signature="setup()[pri:0, instance:testcase.IdTypeTest@435871cb]" started-at="2025-06-25T10:44:04 IST" name="setup" finished-at="2025-06-25T10:44:06 IST" duration-ms="2139" status="PASS">
          <reporter-output>
          </reporter-output>
        </test-method> <!-- setup -->
        <test-method signature="idTypeUpdation()[pri:2, instance:testcase.IdTypeTest@435871cb]" started-at="2025-06-25T10:44:06 IST" name="idTypeUpdation" finished-at="2025-06-25T10:44:21 IST" depends-on-methods="testcase.IdTypeTest.idTypeCreation" duration-ms="14910" status="PASS">
          <reporter-output>
          </reporter-output>
        </test-method> <!-- idTypeUpdation -->
        <test-method is-config="true" signature="tearDown(org.testng.ITestResult)[pri:0, instance:testcase.IdTypeTest@435871cb]" started-at="2025-06-25T10:44:21 IST" name="tearDown" finished-at="2025-06-25T10:44:21 IST" duration-ms="197" status="PASS">
          <params>
            <param index="0">
              <value>
                <![CDATA[[TestResult name=idTypeUpdation status=SUCCESS method=IdTypeTest.idTypeUpdation()[pri:2, instance:testcase.IdTypeTest@435871cb] output={null}]]]>
              </value>
            </param>
          </params>
          <reporter-output>
          </reporter-output>
        </test-method> <!-- tearDown -->
        <test-method is-config="true" signature="setup()[pri:0, instance:testcase.IdTypeTest@435871cb]" started-at="2025-06-25T10:45:35 IST" name="setup" finished-at="2025-06-25T10:45:38 IST" duration-ms="2625" status="PASS">
          <reporter-output>
          </reporter-output>
        </test-method> <!-- setup -->
        <test-method signature="idTypeDeletion()[pri:3, instance:testcase.IdTypeTest@435871cb]" started-at="2025-06-25T10:45:38 IST" name="idTypeDeletion" finished-at="2025-06-25T10:45:59 IST" depends-on-methods="testcase.IdTypeTest.idTypeUpdation" duration-ms="21540" status="PASS">
          <reporter-output>
          </reporter-output>
        </test-method> <!-- idTypeDeletion -->
        <test-method is-config="true" signature="tearDown(org.testng.ITestResult)[pri:0, instance:testcase.IdTypeTest@435871cb]" started-at="2025-06-25T10:45:59 IST" name="tearDown" finished-at="2025-06-25T10:46:00 IST" duration-ms="284" status="PASS">
          <params>
            <param index="0">
              <value>
                <![CDATA[[TestResult name=idTypeDeletion status=SUCCESS method=IdTypeTest.idTypeDeletion()[pri:3, instance:testcase.IdTypeTest@435871cb] output={null}]]]>
              </value>
            </param>
          </params>
          <reporter-output>
          </reporter-output>
        </test-method> <!-- tearDown -->
      </class> <!-- testcase.IdTypeTest -->
      <class name="testcase.GroupMembershipKindTest">
        <test-method is-config="true" signature="importTestData()[pri:0, instance:testcase.GroupMembershipKindTest@75ed9710]" started-at="2025-06-25T10:42:14 IST" name="importTestData" finished-at="2025-06-25T10:42:14 IST" duration-ms="13" status="PASS">
          <reporter-output>
          </reporter-output>
        </test-method> <!-- importTestData -->
        <test-method is-config="true" signature="setup()[pri:0, instance:testcase.GroupMembershipKindTest@75ed9710]" started-at="2025-06-25T10:42:14 IST" name="setup" finished-at="2025-06-25T10:42:16 IST" duration-ms="1700" status="PASS">
          <reporter-output>
          </reporter-output>
        </test-method> <!-- setup -->
        <test-method signature="groupMembershipKindCreation()[pri:1, instance:testcase.GroupMembershipKindTest@75ed9710]" started-at="2025-06-25T10:42:16 IST" name="groupMembershipKindCreation" finished-at="2025-06-25T10:42:34 IST" duration-ms="17549" status="PASS">
          <reporter-output>
          </reporter-output>
        </test-method> <!-- groupMembershipKindCreation -->
        <test-method is-config="true" signature="tearDown(org.testng.ITestResult)[pri:0, instance:testcase.GroupMembershipKindTest@75ed9710]" started-at="2025-06-25T10:42:34 IST" name="tearDown" finished-at="2025-06-25T10:42:34 IST" duration-ms="616" status="PASS">
          <params>
            <param index="0">
              <value>
                <![CDATA[[TestResult name=groupMembershipKindCreation status=SUCCESS method=GroupMembershipKindTest.groupMembershipKindCreation()[pri:1, instance:testcase.GroupMembershipKindTest@75ed9710] output={null}]]]>
              </value>
            </param>
          </params>
          <reporter-output>
          </reporter-output>
        </test-method> <!-- tearDown -->
        <test-method is-config="true" signature="setup()[pri:0, instance:testcase.GroupMembershipKindTest@75ed9710]" started-at="2025-06-25T10:43:45 IST" name="setup" finished-at="2025-06-25T10:43:47 IST" duration-ms="1640" status="PASS">
          <reporter-output>
          </reporter-output>
        </test-method> <!-- setup -->
        <test-method signature="groupMembershipKindUpdation()[pri:2, instance:testcase.GroupMembershipKindTest@75ed9710]" started-at="2025-06-25T10:43:47 IST" name="groupMembershipKindUpdation" finished-at="2025-06-25T10:44:04 IST" depends-on-methods="testcase.GroupMembershipKindTest.groupMembershipKindCreation" duration-ms="16989" status="PASS">
          <reporter-output>
          </reporter-output>
        </test-method> <!-- groupMembershipKindUpdation -->
        <test-method is-config="true" signature="tearDown(org.testng.ITestResult)[pri:0, instance:testcase.GroupMembershipKindTest@75ed9710]" started-at="2025-06-25T10:44:04 IST" name="tearDown" finished-at="2025-06-25T10:44:04 IST" duration-ms="243" status="PASS">
          <params>
            <param index="0">
              <value>
                <![CDATA[[TestResult name=groupMembershipKindUpdation status=SUCCESS method=GroupMembershipKindTest.groupMembershipKindUpdation()[pri:2, instance:testcase.GroupMembershipKindTest@75ed9710] output={null}]]]>
              </value>
            </param>
          </params>
          <reporter-output>
          </reporter-output>
        </test-method> <!-- tearDown -->
        <test-method is-config="true" signature="setup()[pri:0, instance:testcase.GroupMembershipKindTest@75ed9710]" started-at="2025-06-25T10:45:12 IST" name="setup" finished-at="2025-06-25T10:45:15 IST" duration-ms="2223" status="PASS">
          <reporter-output>
          </reporter-output>
        </test-method> <!-- setup -->
        <test-method signature="groupMembershipKindDeletion()[pri:3, instance:testcase.GroupMembershipKindTest@75ed9710]" started-at="2025-06-25T10:45:15 IST" name="groupMembershipKindDeletion" finished-at="2025-06-25T10:45:35 IST" depends-on-methods="testcase.GroupMembershipKindTest.groupMembershipKindUpdation" duration-ms="20349" status="PASS">
          <reporter-output>
          </reporter-output>
        </test-method> <!-- groupMembershipKindDeletion -->
        <test-method is-config="true" signature="tearDown(org.testng.ITestResult)[pri:0, instance:testcase.GroupMembershipKindTest@75ed9710]" started-at="2025-06-25T10:45:35 IST" name="tearDown" finished-at="2025-06-25T10:45:35 IST" duration-ms="244" status="PASS">
          <params>
            <param index="0">
              <value>
                <![CDATA[[TestResult name=groupMembershipKindDeletion status=SUCCESS method=GroupMembershipKindTest.groupMembershipKindDeletion()[pri:3, instance:testcase.GroupMembershipKindTest@75ed9710] output={null}]]]>
              </value>
            </param>
          </params>
          <reporter-output>
          </reporter-output>
        </test-method> <!-- tearDown -->
      </class> <!-- testcase.GroupMembershipKindTest -->
      <class name="testcase.GenderTypeTest">
        <test-method is-config="true" signature="importTestData()[pri:0, instance:testcase.GenderTypeTest@61884cb1]" started-at="2025-06-25T10:42:09 IST" name="importTestData" finished-at="2025-06-25T10:42:09 IST" duration-ms="7" status="PASS">
          <reporter-output>
          </reporter-output>
        </test-method> <!-- importTestData -->
        <test-method is-config="true" signature="setup()[pri:0, instance:testcase.GenderTypeTest@61884cb1]" started-at="2025-06-25T10:42:09 IST" name="setup" finished-at="2025-06-25T10:42:11 IST" duration-ms="1729" status="PASS">
          <reporter-output>
          </reporter-output>
        </test-method> <!-- setup -->
        <test-method signature="genderTypeCreation()[pri:1, instance:testcase.GenderTypeTest@61884cb1]" started-at="2025-06-25T10:42:11 IST" name="genderTypeCreation" finished-at="2025-06-25T10:42:25 IST" duration-ms="14399" status="PASS">
          <reporter-output>
          </reporter-output>
        </test-method> <!-- genderTypeCreation -->
        <test-method is-config="true" signature="tearDown(org.testng.ITestResult)[pri:0, instance:testcase.GenderTypeTest@61884cb1]" started-at="2025-06-25T10:42:25 IST" name="tearDown" finished-at="2025-06-25T10:42:25 IST" duration-ms="214" status="PASS">
          <params>
            <param index="0">
              <value>
                <![CDATA[[TestResult name=genderTypeCreation status=SUCCESS method=GenderTypeTest.genderTypeCreation()[pri:1, instance:testcase.GenderTypeTest@61884cb1] output={null}]]]>
              </value>
            </param>
          </params>
          <reporter-output>
          </reporter-output>
        </test-method> <!-- tearDown -->
        <test-method is-config="true" signature="setup()[pri:0, instance:testcase.GenderTypeTest@61884cb1]" started-at="2025-06-25T10:43:42 IST" name="setup" finished-at="2025-06-25T10:43:44 IST" duration-ms="1684" status="PASS">
          <reporter-output>
          </reporter-output>
        </test-method> <!-- setup -->
        <test-method signature="genderTypeUpdation()[pri:2, instance:testcase.GenderTypeTest@61884cb1]" started-at="2025-06-25T10:43:44 IST" name="genderTypeUpdation" finished-at="2025-06-25T10:44:00 IST" depends-on-methods="testcase.GenderTypeTest.genderTypeCreation" duration-ms="16022" status="PASS">
          <reporter-output>
          </reporter-output>
        </test-method> <!-- genderTypeUpdation -->
        <test-method is-config="true" signature="tearDown(org.testng.ITestResult)[pri:0, instance:testcase.GenderTypeTest@61884cb1]" started-at="2025-06-25T10:44:00 IST" name="tearDown" finished-at="2025-06-25T10:44:00 IST" duration-ms="213" status="PASS">
          <params>
            <param index="0">
              <value>
                <![CDATA[[TestResult name=genderTypeUpdation status=SUCCESS method=GenderTypeTest.genderTypeUpdation()[pri:2, instance:testcase.GenderTypeTest@61884cb1] output={null}]]]>
              </value>
            </param>
          </params>
          <reporter-output>
          </reporter-output>
        </test-method> <!-- tearDown -->
        <test-method is-config="true" signature="setup()[pri:0, instance:testcase.GenderTypeTest@61884cb1]" started-at="2025-06-25T10:45:12 IST" name="setup" finished-at="2025-06-25T10:45:14 IST" duration-ms="1551" status="PASS">
          <reporter-output>
          </reporter-output>
        </test-method> <!-- setup -->
        <test-method signature="genderTypeDeletion()[pri:3, instance:testcase.GenderTypeTest@61884cb1]" started-at="2025-06-25T10:45:14 IST" name="genderTypeDeletion" finished-at="2025-06-25T10:45:35 IST" depends-on-methods="testcase.GenderTypeTest.genderTypeUpdation" duration-ms="21356" status="PASS">
          <reporter-output>
          </reporter-output>
        </test-method> <!-- genderTypeDeletion -->
        <test-method is-config="true" signature="tearDown(org.testng.ITestResult)[pri:0, instance:testcase.GenderTypeTest@61884cb1]" started-at="2025-06-25T10:45:35 IST" name="tearDown" finished-at="2025-06-25T10:45:35 IST" duration-ms="242" status="PASS">
          <params>
            <param index="0">
              <value>
                <![CDATA[[TestResult name=genderTypeDeletion status=SUCCESS method=GenderTypeTest.genderTypeDeletion()[pri:3, instance:testcase.GenderTypeTest@61884cb1] output={null}]]]>
              </value>
            </param>
          </params>
          <reporter-output>
          </reporter-output>
        </test-method> <!-- tearDown -->
      </class> <!-- testcase.GenderTypeTest -->
    </test> <!-- Sanity Suite -->
  </suite> <!-- Social Registry Sanity Test Suite -->
</testng-results>
