<?xml version="1.0" encoding="UTF-8"?>
<!-- Generated by org.testng.reporters.JUnitReportReporter -->
<testsuite hostname="TECHNO-405" failures="0" tests="3" name="testcase.GroupTest" time="54.193" errors="0" timestamp="2025-06-20T17:50:05 IST" skipped="0">
  <testcase classname="testcase.GroupTest" name="groupCreation" time="19.011"/>
  <system-out/>
  <testcase classname="testcase.GroupTest" name="groupUpdation" time="16.886"/>
  <system-out/>
  <testcase classname="testcase.GroupTest" name="groupDeletion" time="18.296"/>
  <system-out/>
</testsuite> <!-- testcase.GroupTest -->
