<?xml version="1.0" encoding="UTF-8"?>
<!-- Generated by org.testng.reporters.JUnitReportReporter -->
<testsuite hostname="TECHNO-405" failures="0" tests="3" name="testcase.IndividualTest" time="71.788" errors="0" timestamp="2025-06-19T14:22:55 IST" skipped="0">
  <testcase classname="testcase.IndividualTest" name="individualCreation" time="19.842"/>
  <system-out/>
  <testcase classname="testcase.IndividualTest" name="individualUpdation" time="22.237"/>
  <system-out/>
  <testcase classname="testcase.IndividualTest" name="individualDeletion" time="29.709"/>
  <system-out/>
</testsuite> <!-- testcase.IndividualTest -->
