<?xml version="1.0" encoding="UTF-8"?>
<!-- Generated by org.testng.reporters.JUnitReportReporter -->
<testsuite hostname="TECHNO-405" failures="0" tests="3" name="testcase.RelationshipTest" time="56.294" errors="0" timestamp="2025-06-26T19:43:55 IST" skipped="0">
  <testcase classname="testcase.RelationshipTest" name="relationshipsCreation" time="19.080"/>
  <system-out/>
  <testcase classname="testcase.RelationshipTest" name="relationshipUpdation" time="17.358"/>
  <system-out/>
  <testcase classname="testcase.RelationshipTest" name="relationshipDeletion" time="19.856"/>
  <system-out/>
</testsuite> <!-- testcase.RelationshipTest -->
