<?xml version="1.0" encoding="UTF-8"?>
<!-- Generated by org.testng.reporters.JUnitReportReporter -->
<testsuite hostname="TECHNO-405" failures="0" tests="3" name="testcase.IdTypeTest" time="56.411" errors="0" timestamp="2025-07-16T11:39:42 IST" skipped="0">
  <testcase classname="testcase.IdTypeTest" name="idTypeCreation" time="16.789"/>
  <system-out/>
  <testcase classname="testcase.IdTypeTest" name="idTypeUpdation" time="20.104"/>
  <system-out/>
  <testcase classname="testcase.IdTypeTest" name="idTypeDeletion" time="19.518"/>
  <system-out/>
</testsuite> <!-- testcase.IdTypeTest -->
