<?xml version="1.0" encoding="UTF-8"?>
<!-- Generated by org.testng.reporters.JUnitReportReporter -->
<testsuite hostname="TECHNO-405" failures="0" tests="3" name="testcase.IndividualTest" time="48.776" errors="0" timestamp="2025-06-25T11:16:53 IST" skipped="0">
  <testcase classname="testcase.IndividualTest" name="individualCreation" time="16.929"/>
  <system-out/>
  <testcase classname="testcase.IndividualTest" name="individualUpdation" time="14.225"/>
  <system-out/>
  <testcase classname="testcase.IndividualTest" name="individualDeletion" time="17.622"/>
  <system-out/>
</testsuite> <!-- testcase.IndividualTest -->
