<?xml version="1.0" encoding="UTF-8"?>
<!-- Generated by org.testng.reporters.JUnitReportReporter -->
<testsuite hostname="TECHNO-405" failures="0" tests="3" name="testcase.RegionTest" time="55.200" errors="0" timestamp="2025-06-25T10:46:36 IST" skipped="0">
  <testcase classname="testcase.RegionTest" name="regionCreation" time="18.797"/>
  <system-out/>
  <testcase classname="testcase.RegionTest" name="regionUpdation" time="16.525"/>
  <system-out/>
  <testcase classname="testcase.RegionTest" name="regionDeletion" time="19.878"/>
  <system-out/>
</testsuite> <!-- testcase.RegionTest -->
