<?xml version="1.0" encoding="UTF-8"?>
<!-- Generated by org.testng.reporters.JUnitReportReporter -->
<testsuite hostname="TECHNO-405" failures="0" tests="3" name="testcase.RelationshipTest" time="52.607" errors="0" timestamp="2025-06-23T22:51:23 IST" skipped="0">
  <testcase classname="testcase.RelationshipTest" name="relationshipsCreation" time="17.948"/>
  <system-out/>
  <testcase classname="testcase.RelationshipTest" name="relationshipUpdation" time="16.494"/>
  <system-out/>
  <testcase classname="testcase.RelationshipTest" name="relationshipDeletion" time="18.165"/>
  <system-out/>
</testsuite> <!-- testcase.RelationshipTest -->
