<?xml version="1.0" encoding="UTF-8"?>
<!-- Generated by org.testng.reporters.JUnitReportReporter -->
<testsuite hostname="TECHNO-405" failures="0" tests="3" name="testcase.GroupTypeTest" time="45.392" errors="0" timestamp="2025-06-25T11:16:53 IST" skipped="0">
  <testcase classname="testcase.GroupTypeTest" name="groupTypeCreation" time="14.596"/>
  <system-out/>
  <testcase classname="testcase.GroupTypeTest" name="groupTypeUpdation" time="14.267"/>
  <system-out/>
  <testcase classname="testcase.GroupTypeTest" name="groupTypeDeletion" time="16.529"/>
  <system-out/>
</testsuite> <!-- testcase.GroupTypeTest -->
