<?xml version="1.0" encoding="UTF-8"?>
<!-- Generated by org.testng.reporters.JUnitReportReporter -->
<testsuite hostname="TECHNO-405" failures="0" tests="3" name="testcase.DistrictConfigTest" time="59.317" errors="0" timestamp="2025-08-07T18:30:13 IST" skipped="0">
  <testcase classname="testcase.DistrictConfigTest" name="districtConfigCreation" time="20.055"/>
  <system-out/>
  <testcase classname="testcase.DistrictConfigTest" name="districtConfigUpdation" time="20.065"/>
  <system-out/>
  <testcase classname="testcase.DistrictConfigTest" name="districtConfigDeletion" time="19.197"/>
  <system-out/>
</testsuite> <!-- testcase.DistrictConfigTest -->
