<?xml version="1.0" encoding="UTF-8"?>
<!-- Generated by org.testng.reporters.JUnitReportReporter -->
<testsuite hostname="TECHNO-405" failures="0" tests="5" name="testcase.RegistrationPortalUserTest" time="146.315" errors="0" timestamp="2025-08-07T18:30:13 IST" skipped="0">
  <testcase classname="testcase.RegistrationPortalUserTest" name="registrationPortalUserCreation" time="24.992"/>
  <system-out/>
  <testcase classname="testcase.RegistrationPortalUserTest" name="grantPortalAccess" time="27.133"/>
  <system-out/>
  <testcase classname="testcase.RegistrationPortalUserTest" name="revokePortalAccess" time="24.370"/>
  <system-out/>
  <testcase classname="testcase.RegistrationPortalUserTest" name="registrationPortalUserUpdation" time="25.571"/>
  <system-out/>
  <testcase classname="testcase.RegistrationPortalUserTest" name="registrationPortalUserDeletion" time="44.249"/>
  <system-out/>
</testsuite> <!-- testcase.RegistrationPortalUserTest -->
