<?xml version="1.0" encoding="UTF-8"?>
<!-- Generated by org.testng.reporters.JUnitReportReporter -->
<testsuite hostname="TECHNO-405" failures="0" tests="2" name="testcase.LoginPageTest" time="41.854" errors="0" timestamp="2025-06-25T10:46:36 IST" skipped="0">
  <testcase classname="testcase.LoginPageTest" name="resetPassword" time="23.647"/>
  <system-out/>
  <testcase classname="testcase.LoginPageTest" name="loginTest" time="18.207"/>
  <system-out/>
</testsuite> <!-- testcase.LoginPageTest -->
