<?xml version="1.0" encoding="UTF-8"?>
<!-- Generated by org.testng.reporters.JUnitReportReporter -->
<testsuite hostname="TECHNO-405" failures="0" tests="3" name="testcase.GroupTest" time="52.564" errors="0" timestamp="2025-06-25T11:16:53 IST" skipped="0">
  <testcase classname="testcase.GroupTest" name="groupCreation" time="16.243"/>
  <system-out/>
  <testcase classname="testcase.GroupTest" name="groupUpdation" time="17.841"/>
  <system-out/>
  <testcase classname="testcase.GroupTest" name="groupDeletion" time="18.480"/>
  <system-out/>
</testsuite> <!-- testcase.GroupTest -->
