<?xml version="1.0" encoding="UTF-8"?>
<!-- Generated by org.testng.reporters.JUnitReportReporter -->
<testsuite hostname="TECHNO-405" failures="0" tests="3" name="testcase.GroupMembershipKindTest" time="58.286" errors="0" timestamp="2025-07-03T12:07:27 IST" skipped="0">
  <testcase classname="testcase.GroupMembershipKindTest" name="groupMembershipKindCreation" time="17.258"/>
  <system-out/>
  <testcase classname="testcase.GroupMembershipKindTest" name="groupMembershipKindUpdation" time="19.713"/>
  <system-out/>
  <testcase classname="testcase.GroupMembershipKindTest" name="groupMembershipKindDeletion" time="21.315"/>
  <system-out/>
</testsuite> <!-- testcase.GroupMembershipKindTest -->
