<?xml version="1.0" encoding="UTF-8"?>
<!-- Generated by org.testng.reporters.JUnitReportReporter -->
<testsuite hostname="TECHNO-405" failures="0" tests="3" name="testcase.GenderTypeTest" time="55.143" errors="0" timestamp="2025-07-03T12:07:27 IST" skipped="0">
  <testcase classname="testcase.GenderTypeTest" name="genderTypeCreation" time="18.820"/>
  <system-out/>
  <testcase classname="testcase.GenderTypeTest" name="genderTypeUpdation" time="16.784"/>
  <system-out/>
  <testcase classname="testcase.GenderTypeTest" name="genderTypeDeletion" time="19.539"/>
  <system-out/>
</testsuite> <!-- testcase.GenderTypeTest -->
