<?xml version="1.0" encoding="UTF-8"?>
<!-- Generated by org.testng.reporters.JUnitReportReporter -->
<testsuite hostname="TECHNO-405" failures="0" tests="3" name="testcase.RegionTest" time="62.871" errors="0" timestamp="2025-07-21T17:30:02 IST" skipped="0">
  <testcase classname="testcase.RegionTest" name="regionCreation" time="19.591"/>
  <system-out/>
  <testcase classname="testcase.RegionTest" name="regionUpdation" time="18.325"/>
  <system-out/>
  <testcase classname="testcase.RegionTest" name="regionDeletion" time="24.955"/>
  <system-out/>
</testsuite> <!-- testcase.RegionTest -->
