<?xml version="1.0" encoding="UTF-8"?>
<!-- Generated by org.testng.reporters.JUnitReportReporter -->
<testsuite hostname="TECHNO-405" failures="0" tests="3" name="testcase.DistrictConfigTest" time="76.271" errors="0" timestamp="2025-07-21T17:30:01 IST" skipped="0">
  <testcase classname="testcase.DistrictConfigTest" name="districtConfigCreation" time="20.620"/>
  <system-out/>
  <testcase classname="testcase.DistrictConfigTest" name="districtConfigUpdation" time="29.634"/>
  <system-out/>
  <testcase classname="testcase.DistrictConfigTest" name="districtConfigDeletion" time="26.017"/>
  <system-out/>
</testsuite> <!-- testcase.DistrictConfigTest -->
