<?xml version="1.0" encoding="UTF-8"?>
<!-- Generated by org.testng.reporters.JUnitReportReporter -->
<testsuite hostname="TECHNO-405" failures="0" tests="2" name="testcase.LoginPageTest" time="46.967" errors="0" timestamp="2025-06-19T14:22:55 IST" skipped="0">
  <testcase classname="testcase.LoginPageTest" name="resetPassword" time="27.967"/>
  <system-out/>
  <testcase classname="testcase.LoginPageTest" name="loginTest" time="19.000"/>
  <system-out/>
</testsuite> <!-- testcase.LoginPageTest -->
