<?xml version="1.0" encoding="UTF-8"?>
<!-- Generated by org.testng.reporters.JUnitReportReporter -->
<testsuite hostname="TECHNO-405" failures="0" tests="3" name="testcase.RegistrantTagsTest" time="51.110" errors="0" timestamp="2025-08-01T17:55:42 IST" skipped="0">
  <testcase classname="testcase.RegistrantTagsTest" name="registrantTagCreation" time="18.774"/>
  <system-out/>
  <testcase classname="testcase.RegistrantTagsTest" name="registrantTagUpdation" time="15.379"/>
  <system-out/>
  <testcase classname="testcase.RegistrantTagsTest" name="registrantTagDeletion" time="16.957"/>
  <system-out/>
</testsuite> <!-- testcase.RegistrantTagsTest -->
