<?xml version="1.0" encoding="UTF-8"?>
<!-- Generated by org.testng.reporters.JUnitReportReporter -->
<testsuite hostname="TECHNO-405" failures="0" tests="3" name="testcase.GroupMembershipKindTest" time="57.919" errors="0" timestamp="2025-08-01T17:55:42 IST" skipped="0">
  <testcase classname="testcase.GroupMembershipKindTest" name="groupMembershipKindCreation" time="21.008"/>
  <system-out/>
  <testcase classname="testcase.GroupMembershipKindTest" name="groupMembershipKindUpdation" time="17.052"/>
  <system-out/>
  <testcase classname="testcase.GroupMembershipKindTest" name="groupMembershipKindDeletion" time="19.859"/>
  <system-out/>
</testsuite> <!-- testcase.GroupMembershipKindTest -->
