<?xml version="1.0" encoding="UTF-8"?>
<!-- Generated by org.testng.reporters.JUnitReportReporter -->
<testsuite hostname="TECHNO-405" failures="0" tests="3" name="testcase.GenderTypeTest" time="50.244" errors="0" timestamp="2025-07-09T10:43:22 IST" skipped="0">
  <testcase classname="testcase.GenderTypeTest" name="genderTypeCreation" time="16.102"/>
  <system-out/>
  <testcase classname="testcase.GenderTypeTest" name="genderTypeUpdation" time="16.732"/>
  <system-out/>
  <testcase classname="testcase.GenderTypeTest" name="genderTypeDeletion" time="17.410"/>
  <system-out/>
</testsuite> <!-- testcase.GenderTypeTest -->
