<?xml version="1.0" encoding="UTF-8"?>
<!-- Generated by org.testng.reporters.JUnitReportReporter -->
<testsuite hostname="TECHNO-405" failures="0" tests="3" name="testcase.RegistrantTagsTest" time="60.327" errors="0" timestamp="2025-07-21T10:49:39 IST" skipped="0">
  <testcase classname="testcase.RegistrantTagsTest" name="registrantTagCreation" time="19.594"/>
  <system-out/>
  <testcase classname="testcase.RegistrantTagsTest" name="registrantTagUpdation" time="19.245"/>
  <system-out/>
  <testcase classname="testcase.RegistrantTagsTest" name="registrantTagDeletion" time="21.488"/>
  <system-out/>
</testsuite> <!-- testcase.RegistrantTagsTest -->
