<?xml version="1.0" encoding="UTF-8"?>
<!-- Generated by org.testng.reporters.JUnitReportReporter -->
<testsuite hostname="TECHNO-405" failures="0" tests="3" name="testcase.IdTypeTest" time="53.800" errors="0" timestamp="2025-08-07T18:30:13 IST" skipped="0">
  <testcase classname="testcase.IdTypeTest" name="idTypeCreation" time="19.650"/>
  <system-out/>
  <testcase classname="testcase.IdTypeTest" name="idTypeUpdation" time="14.843"/>
  <system-out/>
  <testcase classname="testcase.IdTypeTest" name="idTypeDeletion" time="19.307"/>
  <system-out/>
</testsuite> <!-- testcase.IdTypeTest -->
